{"total": {"lines":{"total":1494,"covered":613,"skipped":0,"pct":41.03},"statements":{"total":1520,"covered":617,"skipped":0,"pct":40.59},"functions":{"total":155,"covered":32,"skipped":0,"pct":20.64},"branches":{"total":588,"covered":119,"skipped":0,"pct":20.23},"branchesTrue":{"total":0,"covered":0,"skipped":0,"pct":100}}
,"C:\\food_delivery_v1 (2)\\food_delivery_v1\\server\\src\\app.js": {"lines":{"total":92,"covered":53,"skipped":0,"pct":57.6},"functions":{"total":11,"covered":2,"skipped":0,"pct":18.18},"statements":{"total":92,"covered":53,"skipped":0,"pct":57.6},"branches":{"total":40,"covered":8,"skipped":0,"pct":20}}
,"C:\\food_delivery_v1 (2)\\food_delivery_v1\\server\\src\\config\\supabase.js": {"lines":{"total":4,"covered":2,"skipped":0,"pct":50},"functions":{"total":2,"covered":0,"skipped":0,"pct":0},"statements":{"total":4,"covered":2,"skipped":0,"pct":50},"branches":{"total":0,"covered":0,"skipped":0,"pct":100}}
,"C:\\food_delivery_v1 (2)\\food_delivery_v1\\server\\src\\config\\swagger.js": {"lines":{"total":8,"covered":8,"skipped":0,"pct":100},"functions":{"total":1,"covered":1,"skipped":0,"pct":100},"statements":{"total":8,"covered":8,"skipped":0,"pct":100},"branches":{"total":0,"covered":0,"skipped":0,"pct":100}}
,"C:\\food_delivery_v1 (2)\\food_delivery_v1\\server\\src\\controllers\\adminController.js": {"lines":{"total":274,"covered":41,"skipped":0,"pct":14.96},"functions":{"total":33,"covered":0,"skipped":0,"pct":0},"statements":{"total":279,"covered":41,"skipped":0,"pct":14.69},"branches":{"total":68,"covered":0,"skipped":0,"pct":0}}
,"C:\\food_delivery_v1 (2)\\food_delivery_v1\\server\\src\\controllers\\authController.js": {"lines":{"total":59,"covered":38,"skipped":0,"pct":64.4},"functions":{"total":5,"covered":4,"skipped":0,"pct":80},"statements":{"total":59,"covered":38,"skipped":0,"pct":64.4},"branches":{"total":46,"covered":26,"skipped":0,"pct":56.52}}
,"C:\\food_delivery_v1 (2)\\food_delivery_v1\\server\\src\\controllers\\deliveryController.js": {"lines":{"total":90,"covered":12,"skipped":0,"pct":13.33},"functions":{"total":10,"covered":0,"skipped":0,"pct":0},"statements":{"total":91,"covered":12,"skipped":0,"pct":13.18},"branches":{"total":39,"covered":0,"skipped":0,"pct":0}}
,"C:\\food_delivery_v1 (2)\\food_delivery_v1\\server\\src\\controllers\\paymentController.js": {"lines":{"total":101,"covered":35,"skipped":0,"pct":34.65},"functions":{"total":4,"covered":2,"skipped":0,"pct":50},"statements":{"total":102,"covered":35,"skipped":0,"pct":34.31},"branches":{"total":61,"covered":17,"skipped":0,"pct":27.86}}
,"C:\\food_delivery_v1 (2)\\food_delivery_v1\\server\\src\\controllers\\userController.js": {"lines":{"total":265,"covered":40,"skipped":0,"pct":15.09},"functions":{"total":31,"covered":1,"skipped":0,"pct":3.22},"statements":{"total":267,"covered":40,"skipped":0,"pct":14.98},"branches":{"total":112,"covered":3,"skipped":0,"pct":2.67}}
,"C:\\food_delivery_v1 (2)\\food_delivery_v1\\server\\src\\middleware\\auth.js": {"lines":{"total":16,"covered":15,"skipped":0,"pct":93.75},"functions":{"total":1,"covered":1,"skipped":0,"pct":100},"statements":{"total":16,"covered":15,"skipped":0,"pct":93.75},"branches":{"total":4,"covered":3,"skipped":0,"pct":75}}
,"C:\\food_delivery_v1 (2)\\food_delivery_v1\\server\\src\\middleware\\errorHandler.js": {"lines":{"total":29,"covered":4,"skipped":0,"pct":13.79},"functions":{"total":3,"covered":0,"skipped":0,"pct":0},"statements":{"total":31,"covered":4,"skipped":0,"pct":12.9},"branches":{"total":16,"covered":0,"skipped":0,"pct":0}}
,"C:\\food_delivery_v1 (2)\\food_delivery_v1\\server\\src\\middleware\\observability.js": {"lines":{"total":17,"covered":16,"skipped":0,"pct":94.11},"functions":{"total":2,"covered":2,"skipped":0,"pct":100},"statements":{"total":17,"covered":16,"skipped":0,"pct":94.11},"branches":{"total":10,"covered":4,"skipped":0,"pct":40}}
,"C:\\food_delivery_v1 (2)\\food_delivery_v1\\server\\src\\middleware\\role.js": {"lines":{"total":9,"covered":6,"skipped":0,"pct":66.66},"functions":{"total":2,"covered":2,"skipped":0,"pct":100},"statements":{"total":9,"covered":6,"skipped":0,"pct":66.66},"branches":{"total":4,"covered":2,"skipped":0,"pct":50}}
,"C:\\food_delivery_v1 (2)\\food_delivery_v1\\server\\src\\middleware\\upload.js": {"lines":{"total":47,"covered":18,"skipped":0,"pct":38.29},"functions":{"total":7,"covered":0,"skipped":0,"pct":0},"statements":{"total":47,"covered":18,"skipped":0,"pct":38.29},"branches":{"total":26,"covered":2,"skipped":0,"pct":7.69}}
,"C:\\food_delivery_v1 (2)\\food_delivery_v1\\server\\src\\middleware\\validate.js": {"lines":{"total":9,"covered":9,"skipped":0,"pct":100},"functions":{"total":3,"covered":3,"skipped":0,"pct":100},"statements":{"total":10,"covered":10,"skipped":0,"pct":100},"branches":{"total":3,"covered":3,"skipped":0,"pct":100}}
,"C:\\food_delivery_v1 (2)\\food_delivery_v1\\server\\src\\models\\Address.js": {"lines":{"total":7,"covered":4,"skipped":0,"pct":57.14},"functions":{"total":1,"covered":0,"skipped":0,"pct":0},"statements":{"total":7,"covered":4,"skipped":0,"pct":57.14},"branches":{"total":2,"covered":0,"skipped":0,"pct":0}}
,"C:\\food_delivery_v1 (2)\\food_delivery_v1\\server\\src\\models\\AuditLog.js": {"lines":{"total":6,"covered":6,"skipped":0,"pct":100},"functions":{"total":0,"covered":0,"skipped":0,"pct":100},"statements":{"total":6,"covered":6,"skipped":0,"pct":100},"branches":{"total":0,"covered":0,"skipped":0,"pct":100}}
,"C:\\food_delivery_v1 (2)\\food_delivery_v1\\server\\src\\models\\Category.js": {"lines":{"total":3,"covered":3,"skipped":0,"pct":100},"functions":{"total":0,"covered":0,"skipped":0,"pct":100},"statements":{"total":3,"covered":3,"skipped":0,"pct":100},"branches":{"total":0,"covered":0,"skipped":0,"pct":100}}
,"C:\\food_delivery_v1 (2)\\food_delivery_v1\\server\\src\\models\\Coupon.js": {"lines":{"total":3,"covered":3,"skipped":0,"pct":100},"functions":{"total":0,"covered":0,"skipped":0,"pct":100},"statements":{"total":3,"covered":3,"skipped":0,"pct":100},"branches":{"total":0,"covered":0,"skipped":0,"pct":100}}
,"C:\\food_delivery_v1 (2)\\food_delivery_v1\\server\\src\\models\\Offer.js": {"lines":{"total":3,"covered":3,"skipped":0,"pct":100},"functions":{"total":0,"covered":0,"skipped":0,"pct":100},"statements":{"total":3,"covered":3,"skipped":0,"pct":100},"branches":{"total":0,"covered":0,"skipped":0,"pct":100}}
,"C:\\food_delivery_v1 (2)\\food_delivery_v1\\server\\src\\models\\Order.js": {"lines":{"total":16,"covered":16,"skipped":0,"pct":100},"functions":{"total":1,"covered":1,"skipped":0,"pct":100},"statements":{"total":17,"covered":17,"skipped":0,"pct":100},"branches":{"total":2,"covered":2,"skipped":0,"pct":100}}
,"C:\\food_delivery_v1 (2)\\food_delivery_v1\\server\\src\\models\\ProcessedWebhook.js": {"lines":{"total":3,"covered":3,"skipped":0,"pct":100},"functions":{"total":0,"covered":0,"skipped":0,"pct":100},"statements":{"total":3,"covered":3,"skipped":0,"pct":100},"branches":{"total":0,"covered":0,"skipped":0,"pct":100}}
,"C:\\food_delivery_v1 (2)\\food_delivery_v1\\server\\src\\models\\Product.js": {"lines":{"total":4,"covered":4,"skipped":0,"pct":100},"functions":{"total":0,"covered":0,"skipped":0,"pct":100},"statements":{"total":4,"covered":4,"skipped":0,"pct":100},"branches":{"total":0,"covered":0,"skipped":0,"pct":100}}
,"C:\\food_delivery_v1 (2)\\food_delivery_v1\\server\\src\\models\\Review.js": {"lines":{"total":4,"covered":4,"skipped":0,"pct":100},"functions":{"total":0,"covered":0,"skipped":0,"pct":100},"statements":{"total":4,"covered":4,"skipped":0,"pct":100},"branches":{"total":0,"covered":0,"skipped":0,"pct":100}}
,"C:\\food_delivery_v1 (2)\\food_delivery_v1\\server\\src\\models\\User.js": {"lines":{"total":4,"covered":4,"skipped":0,"pct":100},"functions":{"total":0,"covered":0,"skipped":0,"pct":100},"statements":{"total":4,"covered":4,"skipped":0,"pct":100},"branches":{"total":0,"covered":0,"skipped":0,"pct":100}}
,"C:\\food_delivery_v1 (2)\\food_delivery_v1\\server\\src\\routes\\adminRoutes.js": {"lines":{"total":44,"covered":44,"skipped":0,"pct":100},"functions":{"total":0,"covered":0,"skipped":0,"pct":100},"statements":{"total":44,"covered":44,"skipped":0,"pct":100},"branches":{"total":0,"covered":0,"skipped":0,"pct":100}}
,"C:\\food_delivery_v1 (2)\\food_delivery_v1\\server\\src\\routes\\authRoutes.js": {"lines":{"total":15,"covered":14,"skipped":0,"pct":93.33},"functions":{"total":1,"covered":0,"skipped":0,"pct":0},"statements":{"total":15,"covered":14,"skipped":0,"pct":93.33},"branches":{"total":0,"covered":0,"skipped":0,"pct":100}}
,"C:\\food_delivery_v1 (2)\\food_delivery_v1\\server\\src\\routes\\deliveryRoutes.js": {"lines":{"total":16,"covered":16,"skipped":0,"pct":100},"functions":{"total":0,"covered":0,"skipped":0,"pct":100},"statements":{"total":16,"covered":16,"skipped":0,"pct":100},"branches":{"total":0,"covered":0,"skipped":0,"pct":100}}
,"C:\\food_delivery_v1 (2)\\food_delivery_v1\\server\\src\\routes\\paymentRoutes.js": {"lines":{"total":8,"covered":8,"skipped":0,"pct":100},"functions":{"total":0,"covered":0,"skipped":0,"pct":100},"statements":{"total":8,"covered":8,"skipped":0,"pct":100},"branches":{"total":0,"covered":0,"skipped":0,"pct":100}}
,"C:\\food_delivery_v1 (2)\\food_delivery_v1\\server\\src\\routes\\userRoutes.js": {"lines":{"total":37,"covered":37,"skipped":0,"pct":100},"functions":{"total":0,"covered":0,"skipped":0,"pct":100},"statements":{"total":37,"covered":37,"skipped":0,"pct":100},"branches":{"total":0,"covered":0,"skipped":0,"pct":100}}
,"C:\\food_delivery_v1 (2)\\food_delivery_v1\\server\\src\\services\\authService.js": {"lines":{"total":90,"covered":61,"skipped":0,"pct":67.77},"functions":{"total":9,"covered":7,"skipped":0,"pct":77.77},"statements":{"total":97,"covered":62,"skipped":0,"pct":63.91},"branches":{"total":48,"covered":29,"skipped":0,"pct":60.41}}
,"C:\\food_delivery_v1 (2)\\food_delivery_v1\\server\\src\\services\\couponService.js": {"lines":{"total":36,"covered":16,"skipped":0,"pct":44.44},"functions":{"total":2,"covered":1,"skipped":0,"pct":50},"statements":{"total":36,"covered":16,"skipped":0,"pct":44.44},"branches":{"total":25,"covered":10,"skipped":0,"pct":40}}
,"C:\\food_delivery_v1 (2)\\food_delivery_v1\\server\\src\\services\\emailService.js": {"lines":{"total":14,"covered":3,"skipped":0,"pct":21.42},"functions":{"total":3,"covered":1,"skipped":0,"pct":33.33},"statements":{"total":14,"covered":3,"skipped":0,"pct":21.42},"branches":{"total":10,"covered":2,"skipped":0,"pct":20}}
,"C:\\food_delivery_v1 (2)\\food_delivery_v1\\server\\src\\services\\orderService.js": {"lines":{"total":51,"covered":6,"skipped":0,"pct":11.76},"functions":{"total":7,"covered":0,"skipped":0,"pct":0},"statements":{"total":53,"covered":6,"skipped":0,"pct":11.32},"branches":{"total":25,"covered":0,"skipped":0,"pct":0}}
,"C:\\food_delivery_v1 (2)\\food_delivery_v1\\server\\src\\services\\paymentService.js": {"lines":{"total":19,"covered":5,"skipped":0,"pct":26.31},"functions":{"total":3,"covered":0,"skipped":0,"pct":0},"statements":{"total":19,"covered":5,"skipped":0,"pct":26.31},"branches":{"total":11,"covered":5,"skipped":0,"pct":45.45}}
,"C:\\food_delivery_v1 (2)\\food_delivery_v1\\server\\src\\utils\\AppError.js": {"lines":{"total":7,"covered":1,"skipped":0,"pct":14.28},"functions":{"total":1,"covered":0,"skipped":0,"pct":0},"statements":{"total":7,"covered":1,"skipped":0,"pct":14.28},"branches":{"total":2,"covered":0,"skipped":0,"pct":0}}
,"C:\\food_delivery_v1 (2)\\food_delivery_v1\\server\\src\\utils\\auditLogger.js": {"lines":{"total":17,"covered":4,"skipped":0,"pct":23.52},"functions":{"total":4,"covered":0,"skipped":0,"pct":0},"statements":{"total":19,"covered":4,"skipped":0,"pct":21.05},"branches":{"total":11,"covered":0,"skipped":0,"pct":0}}
,"C:\\food_delivery_v1 (2)\\food_delivery_v1\\server\\src\\utils\\constants.js": {"lines":{"total":3,"covered":3,"skipped":0,"pct":100},"functions":{"total":0,"covered":0,"skipped":0,"pct":100},"statements":{"total":3,"covered":3,"skipped":0,"pct":100},"branches":{"total":0,"covered":0,"skipped":0,"pct":100}}
,"C:\\food_delivery_v1 (2)\\food_delivery_v1\\server\\src\\utils\\logger.js": {"lines":{"total":14,"covered":12,"skipped":0,"pct":85.71},"functions":{"total":4,"covered":4,"skipped":0,"pct":100},"statements":{"total":15,"covered":13,"skipped":0,"pct":86.66},"branches":{"total":8,"covered":3,"skipped":0,"pct":37.5}}
,"C:\\food_delivery_v1 (2)\\food_delivery_v1\\server\\src\\utils\\otpGenerator.js": {"lines":{"total":5,"covered":2,"skipped":0,"pct":40},"functions":{"total":1,"covered":0,"skipped":0,"pct":0},"statements":{"total":5,"covered":2,"skipped":0,"pct":40},"branches":{"total":3,"covered":0,"skipped":0,"pct":0}}
,"C:\\food_delivery_v1 (2)\\food_delivery_v1\\server\\src\\utils\\reverseGeocode.js": {"lines":{"total":14,"covered":3,"skipped":0,"pct":21.42},"functions":{"total":3,"covered":0,"skipped":0,"pct":0},"statements":{"total":15,"covered":3,"skipped":0,"pct":20},"branches":{"total":12,"covered":0,"skipped":0,"pct":0}}
,"C:\\food_delivery_v1 (2)\\food_delivery_v1\\server\\src\\validators\\addressValidator.js": {"lines":{"total":4,"covered":4,"skipped":0,"pct":100},"functions":{"total":0,"covered":0,"skipped":0,"pct":100},"statements":{"total":4,"covered":4,"skipped":0,"pct":100},"branches":{"total":0,"covered":0,"skipped":0,"pct":100}}
,"C:\\food_delivery_v1 (2)\\food_delivery_v1\\server\\src\\validators\\authValidator.js": {"lines":{"total":5,"covered":5,"skipped":0,"pct":100},"functions":{"total":0,"covered":0,"skipped":0,"pct":100},"statements":{"total":5,"covered":5,"skipped":0,"pct":100},"branches":{"total":0,"covered":0,"skipped":0,"pct":100}}
,"C:\\food_delivery_v1 (2)\\food_delivery_v1\\server\\src\\validators\\categoryValidator.js": {"lines":{"total":4,"covered":4,"skipped":0,"pct":100},"functions":{"total":0,"covered":0,"skipped":0,"pct":100},"statements":{"total":4,"covered":4,"skipped":0,"pct":100},"branches":{"total":0,"covered":0,"skipped":0,"pct":100}}
,"C:\\food_delivery_v1 (2)\\food_delivery_v1\\server\\src\\validators\\couponValidator.js": {"lines":{"total":5,"covered":5,"skipped":0,"pct":100},"functions":{"total":0,"covered":0,"skipped":0,"pct":100},"statements":{"total":5,"covered":5,"skipped":0,"pct":100},"branches":{"total":0,"covered":0,"skipped":0,"pct":100}}
,"C:\\food_delivery_v1 (2)\\food_delivery_v1\\server\\src\\validators\\orderValidator.js": {"lines":{"total":3,"covered":3,"skipped":0,"pct":100},"functions":{"total":0,"covered":0,"skipped":0,"pct":100},"statements":{"total":3,"covered":3,"skipped":0,"pct":100},"branches":{"total":0,"covered":0,"skipped":0,"pct":100}}
,"C:\\food_delivery_v1 (2)\\food_delivery_v1\\server\\src\\validators\\productValidator.js": {"lines":{"total":4,"covered":4,"skipped":0,"pct":100},"functions":{"total":0,"covered":0,"skipped":0,"pct":100},"statements":{"total":4,"covered":4,"skipped":0,"pct":100},"branches":{"total":0,"covered":0,"skipped":0,"pct":100}}
,"C:\\food_delivery_v1 (2)\\food_delivery_v1\\server\\src\\validators\\profileValidator.js": {"lines":{"total":3,"covered":3,"skipped":0,"pct":100},"functions":{"total":0,"covered":0,"skipped":0,"pct":100},"statements":{"total":3,"covered":3,"skipped":0,"pct":100},"branches":{"total":0,"covered":0,"skipped":0,"pct":100}}
,"C:\\food_delivery_v1 (2)\\food_delivery_v1\\server\\src\\validators\\reviewValidator.js": {"lines":{"total":3,"covered":3,"skipped":0,"pct":100},"functions":{"total":0,"covered":0,"skipped":0,"pct":100},"statements":{"total":3,"covered":3,"skipped":0,"pct":100},"branches":{"total":0,"covered":0,"skipped":0,"pct":100}}
}
